build/app/outputs/mapping/release/seeds.txt
com.example.open_ai.MainActivity
com.example.open_ai.MainActivity: MainActivity()
...
io.flutter.embedding.engine.FlutterJNI: void nativeRunBundleAndSnapshotFromLibrary(long,java.lang.String,java.lang.String,java.lang.String,android.content.res.AssetManager,java.util.List)
kotlin.jvm.internal.CallableReference: java.lang.String getSignature()
io.flutter.embedding.engine.FlutterOverlaySurface: android.view.Surface getSurface()
io.flutter.embedding.android.FlutterView$ZeroSides: io.flutter.embedding.android.FlutterView$ZeroSides[] values()
kotlinx.coroutines.android.AndroidExceptionPreHandler: AndroidExceptionPreHandler()
androidx.window.embedding.EmbeddingBackend: void registerSplitListenerForActivity(android.app.Activity,java.util.concurrent.Executor,androidx.core.util.Consumer)
io.flutter.view.AccessibilityBridge$AccessibilityFeature: io.flutter.view.AccessibilityBridge$AccessibilityFeature valueOf(java.lang.String)
kotlin.jvm.internal.Lambda: int getArity()
androidx.window.layout.WindowLayoutInfo: java.util.List getDisplayFeatures()
io.flutter.embedding.engine.FlutterJNI: boolean nativeFlutterTextUtilsIsRegionalIndicator(int)
androidx.window.layout.ExtensionWindowLayoutInfoBackend$MulticastConsumer: void accept(java.lang.Object)
androidx.window.embedding.MatcherUtils: MatcherUtils()
kotlin.jvm.internal.CallableReference: CallableReference(java.lang.Object,java.lang.Class,java.lang.String,java.lang.String,boolean)
androidx.lifecycle.Lifecycle$Event: androidx.lifecycle.Lifecycle$Event[] values()
io.flutter.embedding.engine.FlutterJNI: void ensureNotAttachedToNative()
io.flutter.plugin.editing.ImeSyncDeferringInsetsCallback: android.view.View access$602(io.flutter.plugin.editing.ImeSyncDeferringInsetsCallback,android.view.View)
androidx.window.embedding.ActivityFilter: ActivityFilter(android.content.ComponentName,java.lang.String)
androidx.window.embedding.ExtensionEmbeddingBackend$EmbeddingCallbackImpl: void onSplitInfoChanged(java.util.List)
androidx.window.layout.HardwareFoldingFeature: androidx.window.layout.FoldingFeature$OcclusionType getOcclusionType()
androidx.window.embedding.SplitInfo: java.lang.String toString()
io.flutter.embedding.engine.FlutterJNI: void init(android.content.Context,java.lang.String[],java.lang.String,java.lang.String,java.lang.String,long)
androidx.window.layout.SidecarCompat: void setExtensionCallback(androidx.window.layout.ExtensionInterfaceCompat$ExtensionCallbackInterface)
androidx.window.layout.DisplayCompatHelperApi28: DisplayCompatHelperApi28()
androidx.window.embedding.SplitRule: int getMinSmallestWidth()
kotlin.coroutines.jvm.internal.ContinuationImpl: ContinuationImpl(kotlin.coroutines.Continuation)
androidx.window.embedding.SplitPairFilter: android.content.ComponentName getPrimaryActivityName()
androidx.window.layout.FoldingFeature: androidx.window.layout.FoldingFeature$OcclusionType getOcclusionType()
androidx.window.embedding.ActivityRule: ActivityRule(java.util.Set,boolean,int,kotlin.jvm.internal.DefaultConstructorMarker)
io.flutter.embedding.engine.renderer.SurfaceTextureWrapper: void attachToGLContext(int)
androidx.window.layout.ExtensionInterfaceCompat: boolean validateExtensionInterface()
androidx.window.layout.SidecarAdapter: java.lang.String access$getTAG$cp()
androidx.window.embedding.SplitRuleParser: SplitRuleParser()
android.support.v4.graphics.drawable.IconCompatParcelizer: IconCompatParcelizer()
androidx.window.embedding.ExtensionEmbeddingBackend: java.util.concurrent.locks.ReentrantLock access$getGlobalLock$cp()
kotlin.jvm.internal.FunctionReference: boolean isOperator()
androidx.window.core.Bounds: int getWidth()
androidx.window.embedding.EmbeddingCompat$Companion: java.lang.Integer getExtensionApiLevel()
io.flutter.embedding.engine.FlutterJNI: void deferredComponentInstallFailure(int,java.lang.String,boolean)
androidx.window.embedding.SplitController: void addSplitListener(android.app.Activity,java.util.concurrent.Executor,androidx.core.util.Consumer)