build/app/outputs/mapping/release/mapping.txt
# compiler: R8
# compiler_version: 3.1.66
# min_api: 21
# pg_map_id: bf50936
# common_typos_disable
# {"id":"com.android.tools.r8.mapping","version":"1.0"}
...
kotlin.coroutines.jvm.internal.DebugMetadataKt -> kotlin.coroutines.jvm.internal.g:
    void checkDebugMetadataVersion(int,int) -> a
    kotlin.coroutines.jvm.internal.DebugMetadata getDebugMetadataAnnotation(kotlin.coroutines.jvm.internal.BaseContinuationImpl) -> b
    int getLabel(kotlin.coroutines.jvm.internal.BaseContinuationImpl) -> c
    java.lang.StackTraceElement getStackTraceElement(kotlin.coroutines.jvm.internal.BaseContinuationImpl) -> d
kotlin.coroutines.jvm.internal.DebugProbesKt -> kotlin.coroutines.jvm.internal.h:
    kotlin.coroutines.Continuation probeCoroutineCreated(kotlin.coroutines.Continuation) -> a
    void probeCoroutineResumed(kotlin.coroutines.Continuation) -> b
    void probeCoroutineSuspended(kotlin.coroutines.Continuation) -> c
kotlin.coroutines.jvm.internal.ModuleNameRetriever -> kotlin.coroutines.jvm.internal.i:
    kotlin.coroutines.jvm.internal.ModuleNameRetriever$Cache notOnJava9 -> b
    kotlin.coroutines.jvm.internal.ModuleNameRetriever$Cache cache -> c
    kotlin.coroutines.jvm.internal.ModuleNameRetriever INSTANCE -> a
    kotlin.coroutines.jvm.internal.ModuleNameRetriever$Cache buildCache(kotlin.coroutines.jvm.internal.BaseContinuationImpl) -> a
    java.lang.String getModuleName(kotlin.coroutines.jvm.internal.BaseContinuationImpl) -> b
kotlin.coroutines.jvm.internal.ModuleNameRetriever$Cache -> kotlin.coroutines.jvm.internal.i$a:
    java.lang.reflect.Method nameMethod -> c
    java.lang.reflect.Method getModuleMethod -> a
    java.lang.reflect.Method getDescriptorMethod -> b
kotlin.coroutines.jvm.internal.RestrictedContinuationImpl -> kotlin.coroutines.jvm.internal.j:
kotlin.coroutines.jvm.internal.SuspendLambda -> kotlin.coroutines.jvm.internal.k:
kotlin.internal.PlatformImplementations -> g0.a:
    void addSuppressed(java.lang.Throwable,java.lang.Throwable) -> a
    kotlin.random.Random defaultPlatformRandom() -> b
kotlin.internal.PlatformImplementations$ReflectThrowable -> g0.a$a:
    kotlin.internal.PlatformImplementations$ReflectThrowable INSTANCE -> a
    java.lang.reflect.Method getSuppressed -> c
    java.lang.reflect.Method addSuppressed -> b
kotlin.internal.PlatformImplementationsKt -> g0.b:
    kotlin.internal.PlatformImplementations IMPLEMENTATIONS -> a
    int getJavaVersion() -> a
kotlin.internal.ProgressionUtilKt -> g0.c:
    int differenceModulo(int,int,int) -> a
    int getProgressionLastElement(int,int,int) -> b
    int mod(int,int) -> c
kotlin.internal.jdk7.JDK7PlatformImplementations -> h0.a:
    void addSuppressed(java.lang.Throwable,java.lang.Throwable) -> a
    boolean sdkIsNullOrAtLeast(int) -> c
kotlin.internal.jdk7.JDK7PlatformImplementations$ReflectSdkVersion -> h0.a$a:
    kotlin.internal.jdk7.JDK7PlatformImplementations$ReflectSdkVersion INSTANCE -> a
    java.lang.Integer sdkVersion -> b
kotlin.internal.jdk8.JDK8PlatformImplementations -> i0.a:
    kotlin.random.Random defaultPlatformRandom() -> b
    boolean sdkIsNullOrAtLeast(int) -> c
kotlin.internal.jdk8.JDK8PlatformImplementations$ReflectSdkVersion -> i0.a$a:
    kotlin.internal.jdk8.JDK8PlatformImplementations$ReflectSdkVersion INSTANCE -> a
    java.lang.Integer sdkVersion -> b
kotlin.io.CloseableKt -> j0.a:
    void closeFinally(java.io.Closeable,java.lang.Throwable) -> a
kotlin.jvm.JvmClassMappingKt -> k0.a:
    java.lang.Class getJavaObjectType(kotlin.reflect.KClass) -> a
    kotlin.reflect.KClass getKotlinClass(java.lang.Class) -> b
kotlin.jvm.KotlinReflectionNotSupportedError -> k0.b:
kotlin.jvm.functions.Function0 -> l0.a:
kotlin.jvm.functions.Function1 -> l0.l:
kotlin.jvm.functions.Function10 -> l0.b:
kotlin.jvm.functions.Function11 -> l0.c:
kotlin.jvm.functions.Function12 -> l0.d:
kotlin.jvm.functions.Function13 -> l0.e:
kotlin.jvm.functions.Function14 -> l0.f:
kotlin.jvm.functions.Function15 -> l0.g:
kotlin.jvm.functions.Function16 -> l0.h:
kotlin.jvm.functions.Function17 -> l0.i:
kotlin.jvm.functions.Function18 -> l0.j:
kotlin.jvm.functions.Function19 -> l0.k: