build/app/outputs/mapping/release/usage.txt
com.example.open_ai.BuildConfig
com.example.open_ai.R$attr
com.example.open_ai.R$color
com.example.open_ai.R$dimen
com.example.open_ai.R$drawable
com.example.open_ai.R$id
com.example.open_ai.R$integer
com.example.open_ai.R$layout
com.example.open_ai.R$mipmap
com.example.open_ai.R$string
com.example.open_ai.R$style
com.example.open_ai.R$styleable
com.example.open_ai.R
...
io.flutter.embedding.engine.systemchannels.MouseCursorChannel:
    private static final java.lang.String TAG
    public void synthesizeMethodCall(io.flutter.plugin.common.MethodCall,io.flutter.plugin.common.MethodChannel$Result)
io.flutter.embedding.engine.systemchannels.NavigationChannel:
    private static final java.lang.String TAG
    public void setMethodCallHandler(io.flutter.plugin.common.MethodChannel$MethodCallHandler)
io.flutter.embedding.engine.systemchannels.PlatformChannel:
    private static final java.lang.String TAG
io.flutter.embedding.engine.systemchannels.PlatformViewsChannel:
    private static final java.lang.String TAG
io.flutter.embedding.engine.systemchannels.RestorationChannel:
    private static final java.lang.String TAG
io.flutter.embedding.engine.systemchannels.SettingsChannel:
    private static final java.lang.String ALWAYS_USE_24_HOUR_FORMAT
    private static final java.lang.String BRIEFLY_SHOW_PASSWORD
    public static final java.lang.String CHANNEL_NAME
    private static final java.lang.String NATIVE_SPELL_CHECK_SERVICE_DEFINED
    private static final java.lang.String PLATFORM_BRIGHTNESS
    private static final java.lang.String TAG
    private static final java.lang.String TEXT_SCALE_FACTOR
io.flutter.embedding.engine.systemchannels.SpellCheckChannel:
    private static final java.lang.String TAG
io.flutter.embedding.engine.systemchannels.SystemChannel:
    private static final java.lang.String TAG
io.flutter.embedding.engine.systemchannels.TextInputChannel:
    private static final java.lang.String TAG
io.flutter.plugin.common.ActivityLifecycleListener
io.flutter.plugin.common.BasicMessageChannel:
    public static final java.lang.String CHANNEL_BUFFERS_CHANNEL
    private static final java.lang.String TAG
    public void resizeChannelBuffer(int)
    static void resizeChannelBuffer(io.flutter.plugin.common.BinaryMessenger,java.lang.String,int)
io.flutter.plugin.common.BinaryCodec
io.flutter.plugin.common.BinaryMessenger$-CC:
    public static void $default$disableBufferingIncomingMessages(io.flutter.plugin.common.BinaryMessenger)
    public static void $default$enableBufferingIncomingMessages(io.flutter.plugin.common.BinaryMessenger)
io.flutter.plugin.common.BinaryMessenger$TaskQueueOptions:
    public io.flutter.plugin.common.BinaryMessenger$TaskQueueOptions setIsSerial(boolean)
io.flutter.plugin.common.BinaryMessenger:
    public void disableBufferingIncomingMessages()
    public void enableBufferingIncomingMessages()
    public abstract void send(java.lang.String,java.nio.ByteBuffer)
io.flutter.plugin.common.ErrorLogResult
io.flutter.plugin.common.EventChannel$1
io.flutter.plugin.common.EventChannel$EventSink
io.flutter.plugin.common.EventChannel$IncomingStreamRequestHandler$EventSinkImplementation
io.flutter.plugin.common.EventChannel$IncomingStreamRequestHandler
io.flutter.plugin.common.EventChannel$StreamHandler
io.flutter.plugin.common.EventChannel
io.flutter.plugin.common.FlutterException:
    private static final java.lang.String TAG
io.flutter.plugin.common.JSONUtil:
    private void <init>()
    public static java.lang.Object unwrap(java.lang.Object)
io.flutter.plugin.common.MethodCall:
    public boolean hasArgument(java.lang.String)
io.flutter.plugin.common.MethodChannel:
    private static final java.lang.String TAG
    public void resizeChannelBuffer(int)
io.flutter.plugin.common.PluginRegistry$PluginRegistrantCallback
io.flutter.plugin.common.PluginRegistry$Registrar
io.flutter.plugin.common.PluginRegistry$ViewDestroyListener
io.flutter.plugin.common.PluginRegistry